Info : auto-selecting first available session transport "jtag". To override use 'transport select <transport>'.
Info : clock speed 5000 kHz
Info : JTAG tap: riscv.cpu tap/device found: 0x249511c3 (mfg: 0x0e1 (Wintec Industries), part: 0x4951, ver: 0x2)
Info : datacount=2 progbufsize=8
Info : Examined RISC-V core; found 1024 harts
Info :  hart 0: XLEN=32, misa=0x40801104
Info :  hart 1: currently disabled
Info :  hart 2: currently disabled
Info :  hart 3: currently disabled
Info :  hart 4: currently disabled
Info :  hart 5: currently disabled
Info :  hart 6: currently disabled
Info :  hart 7: currently disabled
Info :  hart 8: currently disabled
Info :  hart 9: currently disabled
Info :  hart 10: currently disabled
Info :  hart 11: currently disabled
Info :  hart 12: currently disabled
Info :  hart 13: currently disabled
Info :  hart 14: currently disabled
Info :  hart 15: currently disabled
Info :  hart 16: currently disabled
Info :  hart 17: currently disabled
Info :  hart 18: currently disabled
Info :  hart 19: currently disabled
Info :  hart 20: currently disabled
Info :  hart 21: currently disabled
Info :  hart 22: currently disabled
Info :  hart 23: currently disabled
Info :  hart 24: currently disabled
Info :  hart 25: currently disabled
Info :  hart 26: currently disabled
Info :  hart 27: currently disabled
Info :  hart 28: currently disabled
Info :  hart 29: currently disabled
Info :  hart 30: currently disabled
Info :  hart 31: currently disabled
Info :  hart 32: currently disabled
Info :  hart 33: currently disabled
Info :  hart 34: currently disabled
Info :  hart 35: currently disabled
Info :  hart 36: currently disabled
Info :  hart 37: currently disabled
Info :  hart 38: currently disabled
Info :  hart 39: currently disabled
Info :  hart 40: currently disabled
Info :  hart 41: currently disabled
Info :  hart 42: currently disabled
Info :  hart 43: currently disabled
Info :  hart 44: currently disabled
Info :  hart 45: currently disabled
Info :  hart 46: currently disabled
Info :  hart 47: currently disabled
Info :  hart 48: currently disabled
Info :  hart 49: currently disabled
Info :  hart 50: currently disabled
Info :  hart 51: currently disabled
Info :  hart 52: currently disabled
Info :  hart 53: currently disabled
Info :  hart 54: currently disabled
Info :  hart 55: currently disabled
Info :  hart 56: currently disabled
Info :  hart 57: currently disabled
Info :  hart 58: currently disabled
Info :  hart 59: currently disabled
Info :  hart 60: currently disabled
Info :  hart 61: currently disabled
Info :  hart 62: currently disabled
Info :  hart 63: currently disabled
Info :  hart 64: currently disabled
Info :  hart 65: currently disabled
Info :  hart 66: currently disabled
Info :  hart 67: currently disabled
Info :  hart 68: currently disabled
Info :  hart 69: currently disabled
Info :  hart 70: currently disabled
Info :  hart 71: currently disabled
Info :  hart 72: currently disabled
Info :  hart 73: currently disabled
Info :  hart 74: currently disabled
Info :  hart 75: currently disabled
Info :  hart 76: currently disabled
Info :  hart 77: currently disabled
Info :  hart 78: currently disabled
Info :  hart 79: currently disabled
Info :  hart 80: currently disabled
Info :  hart 81: currently disabled
Info :  hart 82: currently disabled
Info :  hart 83: currently disabled
Info :  hart 84: currently disabled
Info :  hart 85: currently disabled
Info :  hart 86: currently disabled
Info :  hart 87: currently disabled
Info :  hart 88: currently disabled
Info :  hart 89: currently disabled
Info :  hart 90: currently disabled
Info :  hart 91: currently disabled
Info :  hart 92: currently disabled
Info :  hart 93: currently disabled
Info :  hart 94: currently disabled
Info :  hart 95: currently disabled
Info :  hart 96: currently disabled
Info :  hart 97: currently disabled
Info :  hart 98: currently disabled
Info :  hart 99: currently disabled
Info :  hart 100: currently disabled
Info :  hart 101: currently disabled
Info :  hart 102: currently disabled
Info :  hart 103: currently disabled
Info :  hart 104: currently disabled
Info :  hart 105: currently disabled
Info :  hart 106: currently disabled
Info :  hart 107: currently disabled
Info :  hart 108: currently disabled
Info :  hart 109: currently disabled
Info :  hart 110: currently disabled
Info :  hart 111: currently disabled
Info :  hart 112: currently disabled
Info :  hart 113: currently disabled
Info :  hart 114: currently disabled
Info :  hart 115: currently disabled
Info :  hart 116: currently disabled
Info :  hart 117: currently disabled
Info :  hart 118: currently disabled
Info :  hart 119: currently disabled
Info :  hart 120: currently disabled
Info :  hart 121: currently disabled
Info :  hart 122: currently disabled
Info :  hart 123: currently disabled
Info :  hart 124: currently disabled
Info :  hart 125: currently disabled
Info :  hart 126: currently disabled
Info :  hart 127: currently disabled
Info :  hart 128: currently disabled
Info :  hart 129: currently disabled
Info :  hart 130: currently disabled
Info :  hart 131: currently disabled
Info :  hart 132: currently disabled
Info :  hart 133: currently disabled
Info :  hart 134: currently disabled
Info :  hart 135: currently disabled
Info :  hart 136: currently disabled
Info :  hart 137: currently disabled
Info :  hart 138: currently disabled
Info :  hart 139: currently disabled
Info :  hart 140: currently disabled
Info :  hart 141: currently disabled
Info :  hart 142: currently disabled
Info :  hart 143: currently disabled
Info :  hart 144: currently disabled
Info :  hart 145: currently disabled
Info :  hart 146: currently disabled
Info :  hart 147: currently disabled
Info :  hart 148: currently disabled
Info :  hart 149: currently disabled
Info :  hart 150: currently disabled
Info :  hart 151: currently disabled
Info :  hart 152: currently disabled
Info :  hart 153: currently disabled
Info :  hart 154: currently disabled
Info :  hart 155: currently disabled
Info :  hart 156: currently disabled
Info :  hart 157: currently disabled
Info :  hart 158: currently disabled
Info :  hart 159: currently disabled
Info :  hart 160: currently disabled
Info :  hart 161: currently disabled
Info :  hart 162: currently disabled
Info :  hart 163: currently disabled
Info :  hart 164: currently disabled
Info :  hart 165: currently disabled
Info :  hart 166: currently disabled
Info :  hart 167: currently disabled
Info :  hart 168: currently disabled
Info :  hart 169: currently disabled
Info :  hart 170: currently disabled
Info :  hart 171: currently disabled
Info :  hart 172: currently disabled
Info :  hart 173: currently disabled
Info :  hart 174: currently disabled
Info :  hart 175: currently disabled
Info :  hart 176: currently disabled
Info :  hart 177: currently disabled
Info :  hart 178: currently disabled
Info :  hart 179: currently disabled
Info :  hart 180: currently disabled
Info :  hart 181: currently disabled
Info :  hart 182: currently disabled
Info :  hart 183: currently disabled
Info :  hart 184: currently disabled
Info :  hart 185: currently disabled
Info :  hart 186: currently disabled
Info :  hart 187: currently disabled
Info :  hart 188: currently disabled
Info :  hart 189: currently disabled
Info :  hart 190: currently disabled
Info :  hart 191: currently disabled
Info :  hart 192: currently disabled
Info :  hart 193: currently disabled
Info :  hart 194: currently disabled
Info :  hart 195: currently disabled
Info :  hart 196: currently disabled
Info :  hart 197: currently disabled
Info :  hart 198: currently disabled
Info :  hart 199: currently disabled
Info :  hart 200: currently disabled
Info :  hart 201: currently disabled
Info :  hart 202: currently disabled
Info :  hart 203: currently disabled
Info :  hart 204: currently disabled
Info :  hart 205: currently disabled
Info :  hart 206: currently disabled
Info :  hart 207: currently disabled
Info :  hart 208: currently disabled
Info :  hart 209: currently disabled
Info :  hart 210: currently disabled
Info :  hart 211: currently disabled
Info :  hart 212: currently disabled
Info :  hart 213: currently disabled
Info :  hart 214: currently disabled
Info :  hart 215: currently disabled
Info :  hart 216: currently disabled
Info :  hart 217: currently disabled
Info :  hart 218: currently disabled
Info :  hart 219: currently disabled
Info :  hart 220: currently disabled
Info :  hart 221: currently disabled
Info :  hart 222: currently disabled
Info :  hart 223: currently disabled
Info :  hart 224: currently disabled
Info :  hart 225: currently disabled
Info :  hart 226: currently disabled
Info :  hart 227: currently disabled
Info :  hart 228: currently disabled
Info :  hart 229: currently disabled
Info :  hart 230: currently disabled
Info :  hart 231: currently disabled
Info :  hart 232: currently disabled
Info :  hart 233: currently disabled
Info :  hart 234: currently disabled
Info :  hart 235: currently disabled
Info :  hart 236: currently disabled
Info :  hart 237: currently disabled
Info :  hart 238: currently disabled
Info :  hart 239: currently disabled
Info :  hart 240: currently disabled
Info :  hart 241: currently disabled
Info :  hart 242: currently disabled
Info :  hart 243: currently disabled
Info :  hart 244: currently disabled
Info :  hart 245: currently disabled
Info :  hart 246: currently disabled
Info :  hart 247: currently disabled
Info :  hart 248: currently disabled
Info :  hart 249: currently disabled
Info :  hart 250: currently disabled
Info :  hart 251: currently disabled
Info :  hart 252: currently disabled
Info :  hart 253: currently disabled
Info :  hart 254: currently disabled
Info :  hart 255: currently disabled
Info :  hart 256: currently disabled
Info :  hart 257: currently disabled
Info :  hart 258: currently disabled
Info :  hart 259: currently disabled
Info :  hart 260: currently disabled
Info :  hart 261: currently disabled
Info :  hart 262: currently disabled
Info :  hart 263: currently disabled
Info :  hart 264: currently disabled
Info :  hart 265: currently disabled
Info :  hart 266: currently disabled
Info :  hart 267: currently disabled
Info :  hart 268: currently disabled
Info :  hart 269: currently disabled
Info :  hart 270: currently disabled
Info :  hart 271: currently disabled
Info :  hart 272: currently disabled
Info :  hart 273: currently disabled
Info :  hart 274: currently disabled
Info :  hart 275: currently disabled
Info :  hart 276: currently disabled
Info :  hart 277: currently disabled
Info :  hart 278: currently disabled
Info :  hart 279: currently disabled
Info :  hart 280: currently disabled
Info :  hart 281: currently disabled
Info :  hart 282: currently disabled
Info :  hart 283: currently disabled
Info :  hart 284: currently disabled
Info :  hart 285: currently disabled
Info :  hart 286: currently disabled
Info :  hart 287: currently disabled
Info :  hart 288: currently disabled
Info :  hart 289: currently disabled
Info :  hart 290: currently disabled
Info :  hart 291: currently disabled
Info :  hart 292: currently disabled
Info :  hart 293: currently disabled
Info :  hart 294: currently disabled
Info :  hart 295: currently disabled
Info :  hart 296: currently disabled
Info :  hart 297: currently disabled
Info :  hart 298: currently disabled
Info :  hart 299: currently disabled
Info :  hart 300: currently disabled
Info :  hart 301: currently disabled
Info :  hart 302: currently disabled
Info :  hart 303: currently disabled
Info :  hart 304: currently disabled
Info :  hart 305: currently disabled
Info :  hart 306: currently disabled
Info :  hart 307: currently disabled
Info :  hart 308: currently disabled
Info :  hart 309: currently disabled
Info :  hart 310: currently disabled
Info :  hart 311: currently disabled
Info :  hart 312: currently disabled
Info :  hart 313: currently disabled
Info :  hart 314: currently disabled
Info :  hart 315: currently disabled
Info :  hart 316: currently disabled
Info :  hart 317: currently disabled
Info :  hart 318: currently disabled
Info :  hart 319: currently disabled
Info :  hart 320: currently disabled
Info :  hart 321: currently disabled
Info :  hart 322: currently disabled
Info :  hart 323: currently disabled
Info :  hart 324: currently disabled
Info :  hart 325: currently disabled
Info :  hart 326: currently disabled
Info :  hart 327: currently disabled
Info :  hart 328: currently disabled
Info :  hart 329: currently disabled
Info :  hart 330: currently disabled
Info :  hart 331: currently disabled
Info :  hart 332: currently disabled
Info :  hart 333: currently disabled
Info :  hart 334: currently disabled
Info :  hart 335: currently disabled
Info :  hart 336: currently disabled
Info :  hart 337: currently disabled
Info :  hart 338: currently disabled
Info :  hart 339: currently disabled
Info :  hart 340: currently disabled
Info :  hart 341: currently disabled
Info :  hart 342: currently disabled
Info :  hart 343: currently disabled
Info :  hart 344: currently disabled
Info :  hart 345: currently disabled
Info :  hart 346: currently disabled
Info :  hart 347: currently disabled
Info :  hart 348: currently disabled
Info :  hart 349: currently disabled
Info :  hart 350: currently disabled
Info :  hart 351: currently disabled
Info :  hart 352: currently disabled
Info :  hart 353: currently disabled
Info :  hart 354: currently disabled
Info :  hart 355: currently disabled
Info :  hart 356: currently disabled
Info :  hart 357: currently disabled
Info :  hart 358: currently disabled
Info :  hart 359: currently disabled
Info :  hart 360: currently disabled
Info :  hart 361: currently disabled
Info :  hart 362: currently disabled
Info :  hart 363: currently disabled
Info :  hart 364: currently disabled
Info :  hart 365: currently disabled
Info :  hart 366: currently disabled
Info :  hart 367: currently disabled
Info :  hart 368: currently disabled
Info :  hart 369: currently disabled
Info :  hart 370: currently disabled
Info :  hart 371: currently disabled
Info :  hart 372: currently disabled
Info :  hart 373: currently disabled
Info :  hart 374: currently disabled
Info :  hart 375: currently disabled
Info :  hart 376: currently disabled
Info :  hart 377: currently disabled
Info :  hart 378: currently disabled
Info :  hart 379: currently disabled
Info :  hart 380: currently disabled
Info :  hart 381: currently disabled
Info :  hart 382: currently disabled
Info :  hart 383: currently disabled
Info :  hart 384: currently disabled
Info :  hart 385: currently disabled
Info :  hart 386: currently disabled
Info :  hart 387: currently disabled
Info :  hart 388: currently disabled
Info :  hart 389: currently disabled
Info :  hart 390: currently disabled
Info :  hart 391: currently disabled
Info :  hart 392: currently disabled
Info :  hart 393: currently disabled
Info :  hart 394: currently disabled
Info :  hart 395: currently disabled
Info :  hart 396: currently disabled
Info :  hart 397: currently disabled
Info :  hart 398: currently disabled
Info :  hart 399: currently disabled
Info :  hart 400: currently disabled
Info :  hart 401: currently disabled
Info :  hart 402: currently disabled
Info :  hart 403: currently disabled
Info :  hart 404: currently disabled
Info :  hart 405: currently disabled
Info :  hart 406: currently disabled
Info :  hart 407: currently disabled
Info :  hart 408: currently disabled
Info :  hart 409: currently disabled
Info :  hart 410: currently disabled
Info :  hart 411: currently disabled
Info :  hart 412: currently disabled
Info :  hart 413: currently disabled
Info :  hart 414: currently disabled
Info :  hart 415: currently disabled
Info :  hart 416: currently disabled
Info :  hart 417: currently disabled
Info :  hart 418: currently disabled
Info :  hart 419: currently disabled
Info :  hart 420: currently disabled
Info :  hart 421: currently disabled
Info :  hart 422: currently disabled
Info :  hart 423: currently disabled
Info :  hart 424: currently disabled
Info :  hart 425: currently disabled
Info :  hart 426: currently disabled
Info :  hart 427: currently disabled
Info :  hart 428: currently disabled
Info :  hart 429: currently disabled
Info :  hart 430: currently disabled
Info :  hart 431: currently disabled
Info :  hart 432: currently disabled
Info :  hart 433: currently disabled
Info :  hart 434: currently disabled
Info :  hart 435: currently disabled
Info :  hart 436: currently disabled
Info :  hart 437: currently disabled
Info :  hart 438: currently disabled
Info :  hart 439: currently disabled
Info :  hart 440: currently disabled
Info :  hart 441: currently disabled
Info :  hart 442: currently disabled
Info :  hart 443: currently disabled
Info :  hart 444: currently disabled
Info :  hart 445: currently disabled
Info :  hart 446: currently disabled
Info :  hart 447: currently disabled
Info :  hart 448: currently disabled
Info :  hart 449: currently disabled
Info :  hart 450: currently disabled
Info :  hart 451: currently disabled
Info :  hart 452: currently disabled
Info :  hart 453: currently disabled
Info :  hart 454: currently disabled
Info :  hart 455: currently disabled
Info :  hart 456: currently disabled
Info :  hart 457: currently disabled
Info :  hart 458: currently disabled
Info :  hart 459: currently disabled
Info :  hart 460: currently disabled
Info :  hart 461: currently disabled
Info :  hart 462: currently disabled
Info :  hart 463: currently disabled
Info :  hart 464: currently disabled
Info :  hart 465: currently disabled
Info :  hart 466: currently disabled
Info :  hart 467: currently disabled
Info :  hart 468: currently disabled
Info :  hart 469: currently disabled
Info :  hart 470: currently disabled
Info :  hart 471: currently disabled
Info :  hart 472: currently disabled
Info :  hart 473: currently disabled
Info :  hart 474: currently disabled
Info :  hart 475: currently disabled
Info :  hart 476: currently disabled
Info :  hart 477: currently disabled
Info :  hart 478: currently disabled
Info :  hart 479: currently disabled
Info :  hart 480: currently disabled
Info :  hart 481: currently disabled
Info :  hart 482: currently disabled
Info :  hart 483: currently disabled
Info :  hart 484: currently disabled
Info :  hart 485: currently disabled
Info :  hart 486: currently disabled
Info :  hart 487: currently disabled
Info :  hart 488: currently disabled
Info :  hart 489: currently disabled
Info :  hart 490: currently disabled
Info :  hart 491: currently disabled
Info :  hart 492: currently disabled
Info :  hart 493: currently disabled
Info :  hart 494: currently disabled
Info :  hart 495: currently disabled
Info :  hart 496: currently disabled
Info :  hart 497: currently disabled
Info :  hart 498: currently disabled
Info :  hart 499: currently disabled
Info :  hart 500: currently disabled
Info :  hart 501: currently disabled
Info :  hart 502: currently disabled
Info :  hart 503: currently disabled
Info :  hart 504: currently disabled
Info :  hart 505: currently disabled
Info :  hart 506: currently disabled
Info :  hart 507: currently disabled
Info :  hart 508: currently disabled
Info :  hart 509: currently disabled
Info :  hart 510: currently disabled
Info :  hart 511: currently disabled
Info :  hart 512: currently disabled
Info :  hart 513: currently disabled
Info :  hart 514: currently disabled
Info :  hart 515: currently disabled
Info :  hart 516: currently disabled
Info :  hart 517: currently disabled
Info :  hart 518: currently disabled
Info :  hart 519: currently disabled
Info :  hart 520: currently disabled
Info :  hart 521: currently disabled
Info :  hart 522: currently disabled
Info :  hart 523: currently disabled
Info :  hart 524: currently disabled
Info :  hart 525: currently disabled
Info :  hart 526: currently disabled
Info :  hart 527: currently disabled
Info :  hart 528: currently disabled
Info :  hart 529: currently disabled
Info :  hart 530: currently disabled
Info :  hart 531: currently disabled
Info :  hart 532: currently disabled
Info :  hart 533: currently disabled
Info :  hart 534: currently disabled
Info :  hart 535: currently disabled
Info :  hart 536: currently disabled
Info :  hart 537: currently disabled
Info :  hart 538: currently disabled
Info :  hart 539: currently disabled
Info :  hart 540: currently disabled
Info :  hart 541: currently disabled
Info :  hart 542: currently disabled
Info :  hart 543: currently disabled
Info :  hart 544: currently disabled
Info :  hart 545: currently disabled
Info :  hart 546: currently disabled
Info :  hart 547: currently disabled
Info :  hart 548: currently disabled
Info :  hart 549: currently disabled
Info :  hart 550: currently disabled
Info :  hart 551: currently disabled
Info :  hart 552: currently disabled
Info :  hart 553: currently disabled
Info :  hart 554: currently disabled
Info :  hart 555: currently disabled
Info :  hart 556: currently disabled
Info :  hart 557: currently disabled
Info :  hart 558: currently disabled
Info :  hart 559: currently disabled
Info :  hart 560: currently disabled
Info :  hart 561: currently disabled
Info :  hart 562: currently disabled
Info :  hart 563: currently disabled
Info :  hart 564: currently disabled
Info :  hart 565: currently disabled
Info :  hart 566: currently disabled
Info :  hart 567: currently disabled
Info :  hart 568: currently disabled
Info :  hart 569: currently disabled
Info :  hart 570: currently disabled
Info :  hart 571: currently disabled
Info :  hart 572: currently disabled
Info :  hart 573: currently disabled
Info :  hart 574: currently disabled
Info :  hart 575: currently disabled
Info :  hart 576: currently disabled
Info :  hart 577: currently disabled
Info :  hart 578: currently disabled
Info :  hart 579: currently disabled
Info :  hart 580: currently disabled
Info :  hart 581: currently disabled
Info :  hart 582: currently disabled
Info :  hart 583: currently disabled
Info :  hart 584: currently disabled
Info :  hart 585: currently disabled
Info :  hart 586: currently disabled
Info :  hart 587: currently disabled
Info :  hart 588: currently disabled
Info :  hart 589: currently disabled
Info :  hart 590: currently disabled
Info :  hart 591: currently disabled
Info :  hart 592: currently disabled
Info :  hart 593: currently disabled
Info :  hart 594: currently disabled
Info :  hart 595: currently disabled
Info :  hart 596: currently disabled
Info :  hart 597: currently disabled
Info :  hart 598: currently disabled
Info :  hart 599: currently disabled
Info :  hart 600: currently disabled
Info :  hart 601: currently disabled
Info :  hart 602: currently disabled
Info :  hart 603: currently disabled
Info :  hart 604: currently disabled
Info :  hart 605: currently disabled
Info :  hart 606: currently disabled
Info :  hart 607: currently disabled
Info :  hart 608: currently disabled
Info :  hart 609: currently disabled
Info :  hart 610: currently disabled
Info :  hart 611: currently disabled
Info :  hart 612: currently disabled
Info :  hart 613: currently disabled
Info :  hart 614: currently disabled
Info :  hart 615: currently disabled
Info :  hart 616: currently disabled
Info :  hart 617: currently disabled
Info :  hart 618: currently disabled
Info :  hart 619: currently disabled
Info :  hart 620: currently disabled
Info :  hart 621: currently disabled
Info :  hart 622: currently disabled
Info :  hart 623: currently disabled
Info :  hart 624: currently disabled
Info :  hart 625: currently disabled
Info :  hart 626: currently disabled
Info :  hart 627: currently disabled
Info :  hart 628: currently disabled
Info :  hart 629: currently disabled
Info :  hart 630: currently disabled
Info :  hart 631: currently disabled
Info :  hart 632: currently disabled
Info :  hart 633: currently disabled
Info :  hart 634: currently disabled
Info :  hart 635: currently disabled
Info :  hart 636: currently disabled
Info :  hart 637: currently disabled
Info :  hart 638: currently disabled
Info :  hart 639: currently disabled
Info :  hart 640: currently disabled
Info :  hart 641: currently disabled
Info :  hart 642: currently disabled
Info :  hart 643: currently disabled
Info :  hart 644: currently disabled
Info :  hart 645: currently disabled
Info :  hart 646: currently disabled
Info :  hart 647: currently disabled
Info :  hart 648: currently disabled
Info :  hart 649: currently disabled
Info :  hart 650: currently disabled
Info :  hart 651: currently disabled
Info :  hart 652: currently disabled
Info :  hart 653: currently disabled
Info :  hart 654: currently disabled
Info :  hart 655: currently disabled
Info :  hart 656: currently disabled
Info :  hart 657: currently disabled
Info :  hart 658: currently disabled
Info :  hart 659: currently disabled
Info :  hart 660: currently disabled
Info :  hart 661: currently disabled
Info :  hart 662: currently disabled
Info :  hart 663: currently disabled
Info :  hart 664: currently disabled
Info :  hart 665: currently disabled
Info :  hart 666: currently disabled
Info :  hart 667: currently disabled
Info :  hart 668: currently disabled
Info :  hart 669: currently disabled
Info :  hart 670: currently disabled
Info :  hart 671: currently disabled
Info :  hart 672: currently disabled
Info :  hart 673: currently disabled
Info :  hart 674: currently disabled
Info :  hart 675: currently disabled
Info :  hart 676: currently disabled
Info :  hart 677: currently disabled
Info :  hart 678: currently disabled
Info :  hart 679: currently disabled
Info :  hart 680: currently disabled
Info :  hart 681: currently disabled
Info :  hart 682: currently disabled
Info :  hart 683: currently disabled
Info :  hart 684: currently disabled
Info :  hart 685: currently disabled
Info :  hart 686: currently disabled
Info :  hart 687: currently disabled
Info :  hart 688: currently disabled
Info :  hart 689: currently disabled
Info :  hart 690: currently disabled
Info :  hart 691: currently disabled
Info :  hart 692: currently disabled
Info :  hart 693: currently disabled
Info :  hart 694: currently disabled
Info :  hart 695: currently disabled
Info :  hart 696: currently disabled
Info :  hart 697: currently disabled
Info :  hart 698: currently disabled
Info :  hart 699: currently disabled
Info :  hart 700: currently disabled
Info :  hart 701: currently disabled
Info :  hart 702: currently disabled
Info :  hart 703: currently disabled
Info :  hart 704: currently disabled
Info :  hart 705: currently disabled
Info :  hart 706: currently disabled
Info :  hart 707: currently disabled
Info :  hart 708: currently disabled
Info :  hart 709: currently disabled
Info :  hart 710: currently disabled
Info :  hart 711: currently disabled
Info :  hart 712: currently disabled
Info :  hart 713: currently disabled
Info :  hart 714: currently disabled
Info :  hart 715: currently disabled
Info :  hart 716: currently disabled
Info :  hart 717: currently disabled
Info :  hart 718: currently disabled
Info :  hart 719: currently disabled
Info :  hart 720: currently disabled
Info :  hart 721: currently disabled
Info :  hart 722: currently disabled
Info :  hart 723: currently disabled
Info :  hart 724: currently disabled
Info :  hart 725: currently disabled
Info :  hart 726: currently disabled
Info :  hart 727: currently disabled
Info :  hart 728: currently disabled
Info :  hart 729: currently disabled
Info :  hart 730: currently disabled
Info :  hart 731: currently disabled
Info :  hart 732: currently disabled
Info :  hart 733: currently disabled
Info :  hart 734: currently disabled
Info :  hart 735: currently disabled
Info :  hart 736: currently disabled
Info :  hart 737: currently disabled
Info :  hart 738: currently disabled
Info :  hart 739: currently disabled
Info :  hart 740: currently disabled
Info :  hart 741: currently disabled
Info :  hart 742: currently disabled
Info :  hart 743: currently disabled
Info :  hart 744: currently disabled
Info :  hart 745: currently disabled
Info :  hart 746: currently disabled
Info :  hart 747: currently disabled
Info :  hart 748: currently disabled
Info :  hart 749: currently disabled
Info :  hart 750: currently disabled
Info :  hart 751: currently disabled
Info :  hart 752: currently disabled
Info :  hart 753: currently disabled
Info :  hart 754: currently disabled
Info :  hart 755: currently disabled
Info :  hart 756: currently disabled
Info :  hart 757: currently disabled
Info :  hart 758: currently disabled
Info :  hart 759: currently disabled
Info :  hart 760: currently disabled
Info :  hart 761: currently disabled
Info :  hart 762: currently disabled
Info :  hart 763: currently disabled
Info :  hart 764: currently disabled
Info :  hart 765: currently disabled
Info :  hart 766: currently disabled
Info :  hart 767: currently disabled
Info :  hart 768: currently disabled
Info :  hart 769: currently disabled
Info :  hart 770: currently disabled
Info :  hart 771: currently disabled
Info :  hart 772: currently disabled
Info :  hart 773: currently disabled
Info :  hart 774: currently disabled
Info :  hart 775: currently disabled
Info :  hart 776: currently disabled
Info :  hart 777: currently disabled
Info :  hart 778: currently disabled
Info :  hart 779: currently disabled
Info :  hart 780: currently disabled
Info :  hart 781: currently disabled
Info :  hart 782: currently disabled
Info :  hart 783: currently disabled
Info :  hart 784: currently disabled
Info :  hart 785: currently disabled
Info :  hart 786: currently disabled
Info :  hart 787: currently disabled
Info :  hart 788: currently disabled
Info :  hart 789: currently disabled
Info :  hart 790: currently disabled
Info :  hart 791: currently disabled
Info :  hart 792: currently disabled
Info :  hart 793: currently disabled
Info :  hart 794: currently disabled
Info :  hart 795: currently disabled
Info :  hart 796: currently disabled
Info :  hart 797: currently disabled
Info :  hart 798: currently disabled
Info :  hart 799: currently disabled
Info :  hart 800: currently disabled
Info :  hart 801: currently disabled
Info :  hart 802: currently disabled
Info :  hart 803: currently disabled
Info :  hart 804: currently disabled
Info :  hart 805: currently disabled
Info :  hart 806: currently disabled
Info :  hart 807: currently disabled
Info :  hart 808: currently disabled
Info :  hart 809: currently disabled
Info :  hart 810: currently disabled
Info :  hart 811: currently disabled
Info :  hart 812: currently disabled
Info :  hart 813: currently disabled
Info :  hart 814: currently disabled
Info :  hart 815: currently disabled
Info :  hart 816: currently disabled
Info :  hart 817: currently disabled
Info :  hart 818: currently disabled
Info :  hart 819: currently disabled
Info :  hart 820: currently disabled
Info :  hart 821: currently disabled
Info :  hart 822: currently disabled
Info :  hart 823: currently disabled
Info :  hart 824: currently disabled
Info :  hart 825: currently disabled
Info :  hart 826: currently disabled
Info :  hart 827: currently disabled
Info :  hart 828: currently disabled
Info :  hart 829: currently disabled
Info :  hart 830: currently disabled
Info :  hart 831: currently disabled
Info :  hart 832: currently disabled
Info :  hart 833: currently disabled
Info :  hart 834: currently disabled
Info :  hart 835: currently disabled
Info :  hart 836: currently disabled
Info :  hart 837: currently disabled
Info :  hart 838: currently disabled
Info :  hart 839: currently disabled
Info :  hart 840: currently disabled
Info :  hart 841: currently disabled
Info :  hart 842: currently disabled
Info :  hart 843: currently disabled
Info :  hart 844: currently disabled
Info :  hart 845: currently disabled
Info :  hart 846: currently disabled
Info :  hart 847: currently disabled
Info :  hart 848: currently disabled
Info :  hart 849: currently disabled
Info :  hart 850: currently disabled
Info :  hart 851: currently disabled
Info :  hart 852: currently disabled
Info :  hart 853: currently disabled
Info :  hart 854: currently disabled
Info :  hart 855: currently disabled
Info :  hart 856: currently disabled
Info :  hart 857: currently disabled
Info :  hart 858: currently disabled
Info :  hart 859: currently disabled
Info :  hart 860: currently disabled
Info :  hart 861: currently disabled
Info :  hart 862: currently disabled
Info :  hart 863: currently disabled
Info :  hart 864: currently disabled
Info :  hart 865: currently disabled
Info :  hart 866: currently disabled
Info :  hart 867: currently disabled
Info :  hart 868: currently disabled
Info :  hart 869: currently disabled
Info :  hart 870: currently disabled
Info :  hart 871: currently disabled
Info :  hart 872: currently disabled
Info :  hart 873: currently disabled
Info :  hart 874: currently disabled
Info :  hart 875: currently disabled
Info :  hart 876: currently disabled
Info :  hart 877: currently disabled
Info :  hart 878: currently disabled
Info :  hart 879: currently disabled
Info :  hart 880: currently disabled
Info :  hart 881: currently disabled
Info :  hart 882: currently disabled
Info :  hart 883: currently disabled
Info :  hart 884: currently disabled
Info :  hart 885: currently disabled
Info :  hart 886: currently disabled
Info :  hart 887: currently disabled
Info :  hart 888: currently disabled
Info :  hart 889: currently disabled
Info :  hart 890: currently disabled
Info :  hart 891: currently disabled
Info :  hart 892: currently disabled
Info :  hart 893: currently disabled
Info :  hart 894: currently disabled
Info :  hart 895: currently disabled
Info :  hart 896: currently disabled
Info :  hart 897: currently disabled
Info :  hart 898: currently disabled
Info :  hart 899: currently disabled
Info :  hart 900: currently disabled
Info :  hart 901: currently disabled
Info :  hart 902: currently disabled
Info :  hart 903: currently disabled
Info :  hart 904: currently disabled
Info :  hart 905: currently disabled
Info :  hart 906: currently disabled
Info :  hart 907: currently disabled
Info :  hart 908: currently disabled
Info :  hart 909: currently disabled
Info :  hart 910: currently disabled
Info :  hart 911: currently disabled
Info :  hart 912: currently disabled
Info :  hart 913: currently disabled
Info :  hart 914: currently disabled
Info :  hart 915: currently disabled
Info :  hart 916: currently disabled
Info :  hart 917: currently disabled
Info :  hart 918: currently disabled
Info :  hart 919: currently disabled
Info :  hart 920: currently disabled
Info :  hart 921: currently disabled
Info :  hart 922: currently disabled
Info :  hart 923: currently disabled
Info :  hart 924: currently disabled
Info :  hart 925: currently disabled
Info :  hart 926: currently disabled
Info :  hart 927: currently disabled
Info :  hart 928: currently disabled
Info :  hart 929: currently disabled
Info :  hart 930: currently disabled
Info :  hart 931: currently disabled
Info :  hart 932: currently disabled
Info :  hart 933: currently disabled
Info :  hart 934: currently disabled
Info :  hart 935: currently disabled
Info :  hart 936: currently disabled
Info :  hart 937: currently disabled
Info :  hart 938: currently disabled
Info :  hart 939: currently disabled
Info :  hart 940: currently disabled
Info :  hart 941: currently disabled
Info :  hart 942: currently disabled
Info :  hart 943: currently disabled
Info :  hart 944: currently disabled
Info :  hart 945: currently disabled
Info :  hart 946: currently disabled
Info :  hart 947: currently disabled
Info :  hart 948: currently disabled
Info :  hart 949: currently disabled
Info :  hart 950: currently disabled
Info :  hart 951: currently disabled
Info :  hart 952: currently disabled
Info :  hart 953: currently disabled
Info :  hart 954: currently disabled
Info :  hart 955: currently disabled
Info :  hart 956: currently disabled
Info :  hart 957: currently disabled
Info :  hart 958: currently disabled
Info :  hart 959: currently disabled
Info :  hart 960: currently disabled
Info :  hart 961: currently disabled
Info :  hart 962: currently disabled
Info :  hart 963: currently disabled
Info :  hart 964: currently disabled
Info :  hart 965: currently disabled
Info :  hart 966: currently disabled
Info :  hart 967: currently disabled
Info :  hart 968: currently disabled
Info :  hart 969: currently disabled
Info :  hart 970: currently disabled
Info :  hart 971: currently disabled
Info :  hart 972: currently disabled
Info :  hart 973: currently disabled
Info :  hart 974: currently disabled
Info :  hart 975: currently disabled
Info :  hart 976: currently disabled
Info :  hart 977: currently disabled
Info :  hart 978: currently disabled
Info :  hart 979: currently disabled
Info :  hart 980: currently disabled
Info :  hart 981: currently disabled
Info :  hart 982: currently disabled
Info :  hart 983: currently disabled
Info :  hart 984: currently disabled
Info :  hart 985: currently disabled
Info :  hart 986: currently disabled
Info :  hart 987: currently disabled
Info :  hart 988: currently disabled
Info :  hart 989: currently disabled
Info :  hart 990: currently disabled
Info :  hart 991: currently disabled
Info :  hart 992: currently disabled
Info :  hart 993: currently disabled
Info :  hart 994: currently disabled
Info :  hart 995: currently disabled
Info :  hart 996: currently disabled
Info :  hart 997: currently disabled
Info :  hart 998: currently disabled
Info :  hart 999: currently disabled
Info :  hart 1000: currently disabled
Info :  hart 1001: currently disabled
Info :  hart 1002: currently disabled
Info :  hart 1003: currently disabled
Info :  hart 1004: currently disabled
Info :  hart 1005: currently disabled
Info :  hart 1006: currently disabled
Info :  hart 1007: currently disabled
Info :  hart 1008: currently disabled
Info :  hart 1009: currently disabled
Info :  hart 1010: currently disabled
Info :  hart 1011: currently disabled
Info :  hart 1012: currently disabled
Info :  hart 1013: currently disabled
Info :  hart 1014: currently disabled
Info :  hart 1015: currently disabled
Info :  hart 1016: currently disabled
Info :  hart 1017: currently disabled
Info :  hart 1018: currently disabled
Info :  hart 1019: currently disabled
Info :  hart 1020: currently disabled
Info :  hart 1021: currently disabled
Info :  hart 1022: currently disabled
Info :  hart 1023: currently disabled
Info : starting gdb server for riscv.cpu on pipe
Ready for Remote Connections
Info : Listening on port 6666 for tcl connections
Info : Listening on port 4444 for telnet connections
Info : accepting 'gdb' connection from pipe
Warn : Prefer GDB command "target extended-remote pipe" instead of "target remote pipe"
Info : dropped 'gdb' connection
